app/build/intermediates/manifest_merge_blame_file/debug/manifest-merger-blame-debug-report.txt
1<?xml version="1.0" encoding="utf-8"?>
2<manifest xmlns:android="http://schemas.android.com/apk/res/android"
3    package="com.example.login"
4    android:versionCode="1"
5    android:versionName="1.0" >
6
7    <uses-sdk
8        android:minSdkVersion="30"
8-->src\main\AndroidManifest.xml
9        android:targetSdkVersion="30" />
9-->src\main\AndroidManifest.xml
10
11    <application
11-->src\main\AndroidManifest.xml:5:5-37:19
12        android:allowBackup="true"
12-->src\main\AndroidManifest.xml:6:9-35
13        android:appComponentFactory="androidx.core.app.CoreComponentFactory"
13-->[androidx.core:core:1.3.1] AndroidManifest.xml:24:18-86
14        android:debuggable="true"
15        android:extractNativeLibs="false"
16        android:icon="@mipmap/ic_launcher"
16-->src\main\AndroidManifest.xml:7:9-43
17        android:label="@string/app_name"
17-->src\main\AndroidManifest.xml:8:9-41
18        android:roundIcon="@mipmap/ic_launcher_round"
18-->src\main\AndroidManifest.xml:9:9-54
19        android:supportsRtl="true"
19-->src\main\AndroidManifest.xml:10:9-35
20        android:testOnly="true"
21        android:theme="@style/AppTheme" >
21-->src\main\AndroidManifest.xml:11:9-40
22        <activity android:name="com.example.login.ChangeProfileActivity" />
22-->src\main\AndroidManifest.xml:12:9-68
22-->src\main\AndroidManifest.xml:12:19-56
23        <!-- android:theme="@style/Theme.AppCompat.Light.DarkActionBar"> -->
24        <activity
24-->src\main\AndroidManifest.xml:14:9-16:51
25            android:name="com.example.login.MyPageActivity"
25-->src\main\AndroidManifest.xml:15:13-43
26            android:label="@string/btn_my_page" /> <!-- android:theme="@style/AppTheme"/> -->
26-->src\main\AndroidManifest.xml:16:13-48
27        <!-- 마이페이지부분만 NoActionBar 적용시켜놓은 상태 -->
28        <activity
28-->src\main\AndroidManifest.xml:18:9-20:52
29            android:name="com.example.login.RegisterActivity"
29-->src\main\AndroidManifest.xml:19:13-45
30            android:label="@string/btn_register" />
30-->src\main\AndroidManifest.xml:20:13-49
31        <activity
31-->src\main\AndroidManifest.xml:21:9-23:56
32            android:name="com.example.login.FindPasswordActivity"
32-->src\main\AndroidManifest.xml:22:13-49
33            android:label="@string/btn_findPassword" />
33-->src\main\AndroidManifest.xml:23:13-53
34        <activity
34-->src\main\AndroidManifest.xml:24:9-26:50
35            android:name="com.example.login.FindIdActivity"
35-->src\main\AndroidManifest.xml:25:13-43
36            android:label="@string/btn_findId" />
36-->src\main\AndroidManifest.xml:26:13-47
37        <activity
37-->src\main\AndroidManifest.xml:27:9-29:40
38            android:name="com.example.login.MainPageActivity"
38-->src\main\AndroidManifest.xml:28:13-45
39            android:label="MainPage" />
39-->src\main\AndroidManifest.xml:29:13-37
40        <activity android:name="com.example.login.LogInActivity" >
40-->src\main\AndroidManifest.xml:30:9-36:20
40-->src\main\AndroidManifest.xml:30:19-48
41            <intent-filter>
41-->src\main\AndroidManifest.xml:31:13-35:29
42                <action android:name="android.intent.action.MAIN" />
42-->src\main\AndroidManifest.xml:32:17-69
42-->src\main\AndroidManifest.xml:32:25-66
43
44                <category android:name="android.intent.category.LAUNCHER" />
44-->src\main\AndroidManifest.xml:34:17-77
44-->src\main\AndroidManifest.xml:34:27-74
45            </intent-filter>
46        </activity>
47    </application>
48
49</manifest>